  Assembling lastError.asm...
lastError.asm(6): error A2006: undefined symbol : rax
lastError.asm(13): error A2006: undefined symbol : rax
C:\Program Files\Microsoft Visual Studio\2022\Community\MSBuild\Microsoft\VC\v170\BuildCustomizations\masm.targets(70,5): error MSB3721: The command "ml.exe /c /nologo /Zi /Fo"Debug\lastError.obj" /W3 /errorReport:prompt  /TalastError.asm" exited with code 1.
